********************************************************************************
product = WebSphere Application Server 8.5.5.0 (wlp-1.0.3.20130524-0951)
wlp.install.dir = C:/eclipse-jee-juno-SR2-win32/eclipse/plugins/com.worklight.studio.plugin_6.0.0.20130926-1933/liberty/wlp/
server.config.dir = C:/workspaces/codeathon/AI/WorklightServerConfig/servers/worklight/
java.home = C:\Program Files (x86)\Java\jre7
java.version = 1.7.0_21
java.runtime = Java(TM) SE Runtime Environment (1.7.0_21-b11)
os = Windows 7 (6.1; x86) (en_US)
********************************************************************************
[11/13/13 10:09:30:565 EST] 00000001 com.ibm.ws.logging.internal.TraceSpecification               I TRAS0018I: The trace state has been changed. The new trace state is *=info.
[11/13/13 10:09:30:614 EST] 00000001 com.ibm.ws.kernel.launch.internal.FrameworkManager           A CWWKE0001I: The server worklight has been launched.
[11/13/13 10:09:32:172 EST] 0000000d com.ibm.ws.config.internal.xml.XMLBundleProcessor            A CWWKG0016I: Starting server configuration update.
[11/13/13 10:09:32:289 EST] 00000014 com.ibm.ws.config.internal.xml.XMLBundleProcessor            A CWWKG0017I: The server configuration was successfully updated in 0.151 seconds.
[11/13/13 10:09:32:350 EST] 00000001 com.ibm.ws.kernel.launch.internal.FrameworkManager           I CWWKE0002I: The kernel started after 2.095 seconds
[11/13/13 10:09:32:380 EST] 00000016 com.ibm.ws.kernel.feature.internal.FeatureManager            I CWWKF0007I: Feature update started.
[11/13/13 10:09:34:042 EST] 0000001a com.ibm.ws.tcpchannel.internal.TCPChannel                    I CWWKO0219I: TCP Channel defaultHttpEndpoint has been started and is now listening for requests on host *  (IPv6) port 10080.
[11/13/13 10:09:34:231 EST] 0000000d com.ibm.ws.app.manager.internal.monitor.DropinMonitor        A CWWKZ0058I: Monitoring dropins for applications. 
[11/13/13 10:09:34:322 EST] 00000011 com.ibm.ws.app.manager.internal.statemachine.StartAction     I CWWKZ0018I: Starting application BlueButton.
[11/13/13 10:09:35:190 EST] 00000011 com.ibm.ws.webcontainer.osgi.webapp.WebGroup                 I SRVE0169I: Loading Web Module: Worklight.
[11/13/13 10:09:35:191 EST] 00000011 com.ibm.ws.webcontainer                                      I SRVE0250I: Web Module Worklight has been bound to default_host.
[11/13/13 10:09:35:193 EST] 00000011 com.ibm.ws.http.internal.VirtualHostImpl                     A CWWKT0016I: Web application available (default_host): http://think.streebo.com:10080/BlueButton/
[11/13/13 10:09:35:944 EST] 00000011 com.ibm.ws.session.WASSessionCore                            I SESN8501I: The session manager did not find a persistent storage location; HttpSession objects will be stored in the local application server's memory.
[11/13/13 10:09:35:952 EST] 00000011 com.ibm.ws.session.WASSessionCore                            I SESN0176I: A new session context will be created for application key default_host/BlueButton
[11/13/13 10:09:35:964 EST] 00000011 com.ibm.ws.util                                              I SESN0172I: The session manager is using the Java default SecureRandom implementation for session ID generation.
[11/13/13 10:09:38:020 EST] 00000011 com.worklight.server.bundle.project.JeeProjectActivator      I FWLST0001I: Worklight home folder is C:\workspaces\codeathon\AI\WorklightServerConfig\servers\worklight\workarea\org.eclipse.osgi\bundles\72\data\temp\default_node\SMF_WebContainer\BlueButton\BlueButton [project BlueButton]
[11/13/13 10:09:38:754 EST] 00000011 ingframework.context.support.FileSystemXmlApplicationContext I Refreshing org.springframework.context.support.FileSystemXmlApplicationContext@142e524: display name [org.springframework.context.support.FileSystemXmlApplicationContext@142e524]; startup date [Wed Nov 13 10:09:38 EST 2013]; root of context hierarchy
[11/13/13 10:09:38:843 EST] 00000011 rg.springframework.beans.factory.xml.XmlBeanDefinitionReader I Loading XML bean definitions from URL [wsjar:file:/C:/workspaces/codeathon/AI/WorklightServerConfig/shared/resources/worklight-jee-library-6.0.0.jar!/conf/spring-server-core.xml]
[11/13/13 10:09:38:893 EST] 00000011 rg.springframework.beans.factory.xml.XmlBeanDefinitionReader I Loading XML bean definitions from URL [wsjar:file:/C:/workspaces/codeathon/AI/WorklightServerConfig/shared/resources/worklight-jee-library-6.0.0.jar!/conf/core.xml]
[11/13/13 10:09:38:942 EST] 00000011 rg.springframework.beans.factory.xml.XmlBeanDefinitionReader I Loading XML bean definitions from URL [wsjar:file:/C:/workspaces/codeathon/AI/WorklightServerConfig/shared/resources/worklight-jee-library-6.0.0.jar!/conf/integration.xml]
[11/13/13 10:09:38:954 EST] 00000011 rg.springframework.beans.factory.xml.XmlBeanDefinitionReader I Loading XML bean definitions from URL [wsjar:file:/C:/workspaces/codeathon/AI/WorklightServerConfig/shared/resources/worklight-jee-library-6.0.0.jar!/conf/gadgets.xml]
[11/13/13 10:09:38:963 EST] 00000011 ngframework.beans.factory.support.DefaultListableBeanFactory I Overriding bean definition for bean 'gadgetCustomizedResourcesRoot': replacing [Generic bean: class [com.worklight.core.util.WorkingDirectory]; scope=singleton; abstract=false; lazyInit=false; autowireMode=0; dependencyCheck=0; autowireCandidate=true; primary=false; factoryBeanName=null; factoryMethodName=null; initMethodName=null; destroyMethodName=null; defined in URL [wsjar:file:/C:/workspaces/codeathon/AI/WorklightServerConfig/shared/resources/worklight-jee-library-6.0.0.jar!/conf/gadgets.xml]] with [Generic bean: class [com.worklight.core.util.WorkingDirectory]; scope=singleton; abstract=false; lazyInit=false; autowireMode=0; dependencyCheck=0; autowireCandidate=true; primary=false; factoryBeanName=null; factoryMethodName=null; initMethodName=null; destroyMethodName=null; defined in URL [wsjar:file:/C:/workspaces/codeathon/AI/WorklightServerConfig/shared/resources/worklight-jee-library-6.0.0.jar!/conf/spring-server-core.xml]]
[11/13/13 10:09:38:964 EST] 00000011 ngframework.beans.factory.support.DefaultListableBeanFactory I Overriding bean definition for bean 'gadgetResourcesRoot': replacing [Generic bean: class [com.worklight.core.util.WorkingDirectory]; scope=singleton; abstract=false; lazyInit=false; autowireMode=0; dependencyCheck=0; autowireCandidate=true; primary=false; factoryBeanName=null; factoryMethodName=null; initMethodName=null; destroyMethodName=null; defined in URL [wsjar:file:/C:/workspaces/codeathon/AI/WorklightServerConfig/shared/resources/worklight-jee-library-6.0.0.jar!/conf/gadgets.xml]] with [Generic bean: class [com.worklight.core.util.WorkingDirectory]; scope=singleton; abstract=false; lazyInit=false; autowireMode=0; dependencyCheck=0; autowireCandidate=true; primary=false; factoryBeanName=null; factoryMethodName=null; initMethodName=null; destroyMethodName=null; defined in URL [wsjar:file:/C:/workspaces/codeathon/AI/WorklightServerConfig/shared/resources/worklight-jee-library-6.0.0.jar!/conf/spring-server-core.xml]]
[11/13/13 10:09:38:967 EST] 00000011 ingframework.context.support.FileSystemXmlApplicationContext I Bean factory for application context [org.springframework.context.support.FileSystemXmlApplicationContext@142e524]: org.springframework.beans.factory.support.DefaultListableBeanFactory@1c6d206
[11/13/13 10:09:39:188 EST] 00000011 ngframework.beans.factory.support.DefaultListableBeanFactory I Pre-instantiating singletons in org.springframework.beans.factory.support.DefaultListableBeanFactory@1c6d206: defining beans [txManager,mailingService,WorkLightNotice,rssBrokerUtils,audit,GenericDAO,propertiesDAO,clusterSynchronizationDAO,taskCoordinator,taskManager,worklightAuthenticationService,authenticationDAO,ssoDAO,identityAssociationCleanupTask,ClusterDataSynchronizationTask,ssoExpiredLoginContextsCleanupTask,keyStoreManager,analyticsHttpService,invocationContextManager,notificationDAO,dataAccessService,shellResourcesService,pushReportsService,analyticsService,coreServiceManager,adapterManager,nodeProcessManager,deployService,notificationsSimulationManager,notificationDispatcher,factProcessingTask,notificationCleanupTask,WSSecurityService,gadgetDAO,widgetService,gfwProps,gadgetEnvironmentManager,gadgetResourcesRoot,gadgetCustomizedResourcesRoot,appVersionAccessService,DeployableFolderCleanupTask,applicationMetadataService,worklight-direct,rssBrokerDS,brokerSessionFactory,previewServing,worklightConsole,reportService,reportsDS,reportsBrokerDS,reportsSessionFactory,gadgetReportsDAO,notificationReportsDao,gadgetReportsService,analyticsFactService]; root of factory hierarchy
[11/13/13 10:09:39:298 EST] 00000011 com.worklight.server.bundle.api.WorklightConfiguration       I FWLSE4006I: Worklight Studio is running in 'development' mode. [project BlueButton]
[11/13/13 10:09:40:040 EST] 00000011 hsqldb.db.HSQLDB425202BA8A.ENGINE                            I Checkpoint start
[11/13/13 10:09:40:040 EST] 00000011 hsqldb.db.HSQLDB425202BA8A.ENGINE                            I checkpointClose start
[11/13/13 10:09:40:504 EST] 00000011 hsqldb.db.HSQLDB425202BA8A.ENGINE                            I checkpointClose end
[11/13/13 10:09:40:536 EST] 00000011 hsqldb.db.HSQLDB425202BA8A.ENGINE                            I Checkpoint end
[11/13/13 10:09:40:638 EST] 00000011 ringframework.orm.jpa.LocalContainerEntityManagerFactoryBean I Building JPA container EntityManagerFactory for persistence unit 'WorklightPU'
[11/13/13 10:09:40:920 EST] 00000011 SystemErr                                                    R 40  WorklightPU  WARN   [Scheduled Executor-thread-1] openjpa.Runtime - An error occurred while registering a ClassTransformer with PersistenceUnitInfo: name 'WorklightPU', root URL [file:/C:/workspaces/codeathon/AI/WorklightServerConfig/shared/resources/worklight-jee-library-6.0.0.jar]. The error has been consumed. To see it, set your openjpa.Runtime log level to TRACE. Load-time class transformation will not be available.
[11/13/13 10:09:41:720 EST] 00000011 SystemErr                                                    R 840  WorklightPU  INFO   [Scheduled Executor-thread-1] openjpa.Runtime - Starting OpenJPA 1.2.2
[11/13/13 10:09:41:770 EST] 00000011 SystemErr                                                    R 890  WorklightPU  INFO   [Scheduled Executor-thread-1] openjpa.jdbc.JDBC - Using dictionary class "org.apache.openjpa.jdbc.sql.HSQLDictionary".
[11/13/13 10:09:43:920 EST] 00000011 ringframework.orm.jpa.LocalContainerEntityManagerFactoryBean I Building JPA container EntityManagerFactory for persistence unit 'WorklightReportsPU'
[11/13/13 10:09:43:925 EST] 00000011 SystemErr                                                    R 0  WorklightReportsPU  WARN   [Scheduled Executor-thread-1] openjpa.Runtime - An error occurred while registering a ClassTransformer with PersistenceUnitInfo: name 'WorklightReportsPU', root URL [file:/C:/workspaces/codeathon/AI/WorklightServerConfig/shared/resources/worklight-jee-library-6.0.0.jar]. The error has been consumed. To see it, set your openjpa.Runtime log level to TRACE. Load-time class transformation will not be available.
[11/13/13 10:09:43:953 EST] 00000011 com.worklight.report.impl.GadgetReportsServiceImpl           I FWLSE0186I: Application raw reports are disabled. [project BlueButton]
[11/13/13 10:09:44:360 EST] 00000011 com.worklight.server.bundle.project.JeeProjectActivator      I FWLST0002I: ========= Project /BlueButton started [project BlueButton]
[11/13/13 10:09:44:562 EST] 00000011 org.jboss.resteasy.spi.ResteasyDeployment                    I Deploying javax.ws.rs.core.Application: class com.worklight.console.application.ConsoleAPIApplication
[11/13/13 10:09:44:562 EST] 00000011 org.jboss.resteasy.spi.ResteasyDeployment                    I Adding singleton resource com.worklight.console.controllers.AdaptersController from Application javax.ws.rs.core.Application
[11/13/13 10:09:44:562 EST] 00000011 org.jboss.resteasy.spi.ResteasyDeployment                    I Adding singleton resource com.worklight.console.controllers.PushController from Application javax.ws.rs.core.Application
[11/13/13 10:09:44:562 EST] 00000011 org.jboss.resteasy.spi.ResteasyDeployment                    I Adding singleton resource com.worklight.console.controllers.UIController from Application javax.ws.rs.core.Application
[11/13/13 10:09:44:562 EST] 00000011 org.jboss.resteasy.spi.ResteasyDeployment                    I Adding singleton resource com.worklight.console.controllers.ApplicationsController from Application javax.ws.rs.core.Application
[11/13/13 10:09:44:562 EST] 00000011 org.jboss.resteasy.spi.ResteasyDeployment                    I Adding singleton resource com.worklight.console.controllers.UsersController from Application javax.ws.rs.core.Application
[11/13/13 10:09:44:622 EST] 00000011 com.ibm.ws.app.manager.internal.statemachine.StartAction     A CWWKZ0001I: Application BlueButton started in 10.300 seconds.
[11/13/13 10:09:44:642 EST] 00000011 com.ibm.ws.app.manager.internal.statemachine.StartAction     I CWWKZ0018I: Starting application _MobileBrowserSimulator.
[11/13/13 10:09:44:683 EST] 00000011 com.ibm.ws.webcontainer.osgi.webapp.WebGroup                 I SRVE0169I: Loading Web Module: _MobileBrowserSimulator.
[11/13/13 10:09:44:683 EST] 00000011 com.ibm.ws.webcontainer                                      I SRVE0250I: Web Module _MobileBrowserSimulator has been bound to default_host.
[11/13/13 10:09:44:683 EST] 00000011 com.ibm.ws.http.internal.VirtualHostImpl                     A CWWKT0016I: Web application available (default_host): http://think.streebo.com:10080/_MobileBrowserSimulator/
[11/13/13 10:09:44:693 EST] 00000011 com.ibm.ws.session.WASSessionCore                            I SESN0176I: A new session context will be created for application key default_host/_MobileBrowserSimulator
[11/13/13 10:09:44:693 EST] 00000011 com.ibm.ws.util                                              I SESN0172I: The session manager is using the Java default SecureRandom implementation for session ID generation.
[11/13/13 10:09:44:693 EST] 00000011 com.ibm.ws.app.manager.internal.statemachine.StartAction     A CWWKZ0001I: Application _MobileBrowserSimulator started in 0.051 seconds.
[11/13/13 10:09:44:736 EST] 00000016 com.ibm.ws.kernel.feature.internal.FeatureManager            I CWWKF0008I: Feature update completed in 12.388 seconds.
[11/13/13 10:09:44:736 EST] 00000016 com.ibm.ws.kernel.feature.internal.FeatureManager            A CWWKF0011I: The server worklight is ready to run a smarter planet.
[11/13/13 10:09:50:279 EST] 0000001a com.ibm.ws.webcontainer.servlet                              I SRVE0242I: [BlueButton] [/BlueButton] [ResteasyConsoleServlet]: Initialization successful.
[11/13/13 10:09:51:385 EST] 0000001a com.worklight.common.util.GeneralUtil                        I FWLSE2001I: Detected more than one IP address. Using 169.254.225.48 as the public IP address of the Worklight Server. You can set a different IP address in worklight.properties. [project BlueButton]
[11/13/13 10:09:51:684 EST] 0000001a com.worklight.gadgets.bean.WidgetServiceBean                 I FWLSE0085I: Deployed app 'BlueButtonEHR-common' successfully on Worklight Server [project BlueButton]
