/*C2*/SET SCHEMA PUBLIC
DISCONNECT
/*C13*/SET SCHEMA PUBLIC
DISCONNECT
/*C12*/SET SCHEMA PUBLIC
INSERT INTO CLUSTER_SYNC VALUES('factProcessingTask',NULL,0,0)
COMMIT
DELETE FROM GADGETS WHERE ID=1
INSERT INTO GADGETS VALUES(1,'1','2013-11-13 15:37:24.649000','BlueButtonEHR')
DELETE FROM GADGETS WHERE ID=1
INSERT INTO GADGETS VALUES(1,'1','2013-11-13 15:37:24.864000','BlueButtonEHR')
COMMIT
DELETE FROM CLUSTER_SYNC WHERE ID='factProcessingTask'
INSERT INTO CLUSTER_SYNC VALUES('factProcessingTask','WLTenn:-1039820:142532e9036:-7ffe',1384375063600,0)
DELETE FROM CLUSTER_SYNC WHERE ID='identityAssociationCleanupTask'
INSERT INTO CLUSTER_SYNC VALUES('identityAssociationCleanupTask','WLTenn:-1039820:142532e9036:-7ffe',1384375063600,0)
DELETE FROM CLUSTER_SYNC WHERE ID='notificationCleanupTask'
INSERT INTO CLUSTER_SYNC VALUES('notificationCleanupTask','WLTenn:-1039820:142532e9036:-7ffe',1384375063600,0)
COMMIT
/*C11*/SET SCHEMA PUBLIC
DELETE FROM CLUSTER_SYNC WHERE ID='factProcessingTask'
COMMIT
/*C12*/DELETE FROM CLUSTER_SYNC WHERE ID='identityAssociationCleanupTask'
INSERT INTO CLUSTER_SYNC VALUES('identityAssociationCleanupTask','WLTenn:-1039820:142532e9036:-7ffe',1384375093604,0)
DELETE FROM CLUSTER_SYNC WHERE ID='notificationCleanupTask'
INSERT INTO CLUSTER_SYNC VALUES('notificationCleanupTask','WLTenn:-1039820:142532e9036:-7ffe',1384375093604,0)
COMMIT
DELETE FROM CLUSTER_SYNC WHERE ID='identityAssociationCleanupTask'
INSERT INTO CLUSTER_SYNC VALUES('identityAssociationCleanupTask','WLTenn:-1039820:142532e9036:-7ffe',1384375123606,0)
DELETE FROM CLUSTER_SYNC WHERE ID='notificationCleanupTask'
INSERT INTO CLUSTER_SYNC VALUES('notificationCleanupTask','WLTenn:-1039820:142532e9036:-7ffe',1384375123606,0)
COMMIT
DELETE FROM CLUSTER_SYNC WHERE ID='identityAssociationCleanupTask'
INSERT INTO CLUSTER_SYNC VALUES('identityAssociationCleanupTask','WLTenn:-1039820:142532e9036:-7ffe',1384375153608,0)
DELETE FROM CLUSTER_SYNC WHERE ID='notificationCleanupTask'
INSERT INTO CLUSTER_SYNC VALUES('notificationCleanupTask','WLTenn:-1039820:142532e9036:-7ffe',1384375153608,0)
COMMIT
DELETE FROM CLUSTER_SYNC WHERE ID='identityAssociationCleanupTask'
INSERT INTO CLUSTER_SYNC VALUES('identityAssociationCleanupTask','WLTenn:-1039820:142532e9036:-7ffe',1384375183610,0)
DELETE FROM CLUSTER_SYNC WHERE ID='notificationCleanupTask'
INSERT INTO CLUSTER_SYNC VALUES('notificationCleanupTask','WLTenn:-1039820:142532e9036:-7ffe',1384375183610,0)
COMMIT
DELETE FROM CLUSTER_SYNC WHERE ID='identityAssociationCleanupTask'
INSERT INTO CLUSTER_SYNC VALUES('identityAssociationCleanupTask','WLTenn:-1039820:142532e9036:-7ffe',1384375213612,0)
DELETE FROM CLUSTER_SYNC WHERE ID='notificationCleanupTask'
INSERT INTO CLUSTER_SYNC VALUES('notificationCleanupTask','WLTenn:-1039820:142532e9036:-7ffe',1384375213612,0)
COMMIT
DELETE FROM CLUSTER_SYNC WHERE ID='identityAssociationCleanupTask'
INSERT INTO CLUSTER_SYNC VALUES('identityAssociationCleanupTask','WLTenn:-1039820:142532e9036:-7ffe',1384375243614,0)
DELETE FROM CLUSTER_SYNC WHERE ID='notificationCleanupTask'
INSERT INTO CLUSTER_SYNC VALUES('notificationCleanupTask','WLTenn:-1039820:142532e9036:-7ffe',1384375243614,0)
COMMIT
DELETE FROM CLUSTER_SYNC WHERE ID='identityAssociationCleanupTask'
INSERT INTO CLUSTER_SYNC VALUES('identityAssociationCleanupTask','WLTenn:-1039820:142532e9036:-7ffe',1384375273617,0)
DELETE FROM CLUSTER_SYNC WHERE ID='notificationCleanupTask'
INSERT INTO CLUSTER_SYNC VALUES('notificationCleanupTask','WLTenn:-1039820:142532e9036:-7ffe',1384375273617,0)
COMMIT
DELETE FROM CLUSTER_SYNC WHERE ID='identityAssociationCleanupTask'
INSERT INTO CLUSTER_SYNC VALUES('identityAssociationCleanupTask','WLTenn:-1039820:142532e9036:-7ffe',1384375303619,0)
DELETE FROM CLUSTER_SYNC WHERE ID='notificationCleanupTask'
INSERT INTO CLUSTER_SYNC VALUES('notificationCleanupTask','WLTenn:-1039820:142532e9036:-7ffe',1384375303619,0)
COMMIT
DELETE FROM CLUSTER_SYNC WHERE ID='identityAssociationCleanupTask'
INSERT INTO CLUSTER_SYNC VALUES('identityAssociationCleanupTask','WLTenn:-1039820:142532e9036:-7ffe',1384375333621,0)
DELETE FROM CLUSTER_SYNC WHERE ID='notificationCleanupTask'
INSERT INTO CLUSTER_SYNC VALUES('notificationCleanupTask','WLTenn:-1039820:142532e9036:-7ffe',1384375333621,0)
COMMIT
DELETE FROM CLUSTER_SYNC WHERE ID='identityAssociationCleanupTask'
INSERT INTO CLUSTER_SYNC VALUES('identityAssociationCleanupTask','WLTenn:-1039820:142532e9036:-7ffe',1384375363623,0)
DELETE FROM CLUSTER_SYNC WHERE ID='notificationCleanupTask'
INSERT INTO CLUSTER_SYNC VALUES('notificationCleanupTask','WLTenn:-1039820:142532e9036:-7ffe',1384375363623,0)
COMMIT
DELETE FROM CLUSTER_SYNC WHERE ID='identityAssociationCleanupTask'
INSERT INTO CLUSTER_SYNC VALUES('identityAssociationCleanupTask','WLTenn:-1039820:142532e9036:-7ffe',1384375393625,0)
DELETE FROM CLUSTER_SYNC WHERE ID='notificationCleanupTask'
INSERT INTO CLUSTER_SYNC VALUES('notificationCleanupTask','WLTenn:-1039820:142532e9036:-7ffe',1384375393625,0)
COMMIT
DELETE FROM CLUSTER_SYNC WHERE ID='identityAssociationCleanupTask'
INSERT INTO CLUSTER_SYNC VALUES('identityAssociationCleanupTask','WLTenn:-1039820:142532e9036:-7ffe',1384375423627,0)
DELETE FROM CLUSTER_SYNC WHERE ID='notificationCleanupTask'
INSERT INTO CLUSTER_SYNC VALUES('notificationCleanupTask','WLTenn:-1039820:142532e9036:-7ffe',1384375423627,0)
COMMIT
DELETE FROM CLUSTER_SYNC WHERE ID='identityAssociationCleanupTask'
INSERT INTO CLUSTER_SYNC VALUES('identityAssociationCleanupTask','WLTenn:-1039820:142532e9036:-7ffe',1384375453629,0)
DELETE FROM CLUSTER_SYNC WHERE ID='notificationCleanupTask'
INSERT INTO CLUSTER_SYNC VALUES('notificationCleanupTask','WLTenn:-1039820:142532e9036:-7ffe',1384375453629,0)
COMMIT
DELETE FROM CLUSTER_SYNC WHERE ID='identityAssociationCleanupTask'
INSERT INTO CLUSTER_SYNC VALUES('identityAssociationCleanupTask','WLTenn:-1039820:142532e9036:-7ffe',1384375483631,0)
DELETE FROM CLUSTER_SYNC WHERE ID='notificationCleanupTask'
INSERT INTO CLUSTER_SYNC VALUES('notificationCleanupTask','WLTenn:-1039820:142532e9036:-7ffe',1384375483631,0)
COMMIT
DELETE FROM CLUSTER_SYNC WHERE ID='identityAssociationCleanupTask'
INSERT INTO CLUSTER_SYNC VALUES('identityAssociationCleanupTask','WLTenn:-1039820:142532e9036:-7ffe',1384375513633,0)
DELETE FROM CLUSTER_SYNC WHERE ID='notificationCleanupTask'
INSERT INTO CLUSTER_SYNC VALUES('notificationCleanupTask','WLTenn:-1039820:142532e9036:-7ffe',1384375513633,0)
COMMIT
DELETE FROM CLUSTER_SYNC WHERE ID='identityAssociationCleanupTask'
INSERT INTO CLUSTER_SYNC VALUES('identityAssociationCleanupTask','WLTenn:-1039820:142532e9036:-7ffe',1384375543635,0)
DELETE FROM CLUSTER_SYNC WHERE ID='notificationCleanupTask'
INSERT INTO CLUSTER_SYNC VALUES('notificationCleanupTask','WLTenn:-1039820:142532e9036:-7ffe',1384375543635,0)
COMMIT
DELETE FROM CLUSTER_SYNC WHERE ID='identityAssociationCleanupTask'
INSERT INTO CLUSTER_SYNC VALUES('identityAssociationCleanupTask','WLTenn:-1039820:142532e9036:-7ffe',1384375573637,0)
DELETE FROM CLUSTER_SYNC WHERE ID='notificationCleanupTask'
INSERT INTO CLUSTER_SYNC VALUES('notificationCleanupTask','WLTenn:-1039820:142532e9036:-7ffe',1384375573637,0)
COMMIT
DELETE FROM CLUSTER_SYNC WHERE ID='identityAssociationCleanupTask'
INSERT INTO CLUSTER_SYNC VALUES('identityAssociationCleanupTask','WLTenn:-1039820:142532e9036:-7ffe',1384375603639,0)
DELETE FROM CLUSTER_SYNC WHERE ID='notificationCleanupTask'
INSERT INTO CLUSTER_SYNC VALUES('notificationCleanupTask','WLTenn:-1039820:142532e9036:-7ffe',1384375603639,0)
COMMIT
DELETE FROM CLUSTER_SYNC WHERE ID='identityAssociationCleanupTask'
INSERT INTO CLUSTER_SYNC VALUES('identityAssociationCleanupTask','WLTenn:-1039820:142532e9036:-7ffe',1384375633641,0)
DELETE FROM CLUSTER_SYNC WHERE ID='notificationCleanupTask'
INSERT INTO CLUSTER_SYNC VALUES('notificationCleanupTask','WLTenn:-1039820:142532e9036:-7ffe',1384375633641,0)
COMMIT
DELETE FROM CLUSTER_SYNC WHERE ID='identityAssociationCleanupTask'
INSERT INTO CLUSTER_SYNC VALUES('identityAssociationCleanupTask','WLTenn:-1039820:142532e9036:-7ffe',1384375663643,0)
DELETE FROM CLUSTER_SYNC WHERE ID='notificationCleanupTask'
INSERT INTO CLUSTER_SYNC VALUES('notificationCleanupTask','WLTenn:-1039820:142532e9036:-7ffe',1384375663643,0)
COMMIT
DELETE FROM CLUSTER_SYNC WHERE ID='identityAssociationCleanupTask'
INSERT INTO CLUSTER_SYNC VALUES('identityAssociationCleanupTask','WLTenn:-1039820:142532e9036:-7ffe',1384375693646,0)
DELETE FROM CLUSTER_SYNC WHERE ID='notificationCleanupTask'
INSERT INTO CLUSTER_SYNC VALUES('notificationCleanupTask','WLTenn:-1039820:142532e9036:-7ffe',1384375693646,0)
COMMIT
DELETE FROM CLUSTER_SYNC WHERE ID='identityAssociationCleanupTask'
INSERT INTO CLUSTER_SYNC VALUES('identityAssociationCleanupTask','WLTenn:-1039820:142532e9036:-7ffe',1384375723648,0)
DELETE FROM CLUSTER_SYNC WHERE ID='notificationCleanupTask'
INSERT INTO CLUSTER_SYNC VALUES('notificationCleanupTask','WLTenn:-1039820:142532e9036:-7ffe',1384375723648,0)
COMMIT
DELETE FROM CLUSTER_SYNC WHERE ID='identityAssociationCleanupTask'
INSERT INTO CLUSTER_SYNC VALUES('identityAssociationCleanupTask','WLTenn:-1039820:142532e9036:-7ffe',1384375753650,0)
DELETE FROM CLUSTER_SYNC WHERE ID='notificationCleanupTask'
INSERT INTO CLUSTER_SYNC VALUES('notificationCleanupTask','WLTenn:-1039820:142532e9036:-7ffe',1384375753650,0)
COMMIT
DELETE FROM CLUSTER_SYNC WHERE ID='identityAssociationCleanupTask'
INSERT INTO CLUSTER_SYNC VALUES('identityAssociationCleanupTask','WLTenn:-1039820:142532e9036:-7ffe',1384375783652,0)
DELETE FROM CLUSTER_SYNC WHERE ID='notificationCleanupTask'
INSERT INTO CLUSTER_SYNC VALUES('notificationCleanupTask','WLTenn:-1039820:142532e9036:-7ffe',1384375783652,0)
COMMIT
DELETE FROM CLUSTER_SYNC WHERE ID='identityAssociationCleanupTask'
INSERT INTO CLUSTER_SYNC VALUES('identityAssociationCleanupTask','WLTenn:-1039820:142532e9036:-7ffe',1384375813654,0)
DELETE FROM CLUSTER_SYNC WHERE ID='notificationCleanupTask'
INSERT INTO CLUSTER_SYNC VALUES('notificationCleanupTask','WLTenn:-1039820:142532e9036:-7ffe',1384375813654,0)
COMMIT
DELETE FROM CLUSTER_SYNC WHERE ID='identityAssociationCleanupTask'
INSERT INTO CLUSTER_SYNC VALUES('identityAssociationCleanupTask','WLTenn:-1039820:142532e9036:-7ffe',1384375843656,0)
DELETE FROM CLUSTER_SYNC WHERE ID='notificationCleanupTask'
INSERT INTO CLUSTER_SYNC VALUES('notificationCleanupTask','WLTenn:-1039820:142532e9036:-7ffe',1384375843656,0)
COMMIT
